<?xml version="1.0" encoding="UTF-8"?>
<!-- Generated by org.testng.reporters.JUnitXMLReporter -->
<testsuite hostname="vasu-PC" name="Smoke" tests="10" failures="0" timestamp="13 May 2020 16:05:32 GMT" time="19.557" errors="0">
  <testcase name="method1" time="0.014" classname="com.selenium.testng.AnnotationsTest"/>
  <testcase name="method2" time="0.002" classname="com.selenium.testng.AnnotationsTest"/>
  <testcase name="method3" time="0.003" classname="com.selenium.testng.AnnotationsTest1"/>
  <testcase name="method4" time="0.002" classname="com.selenium.testng.AnnotationsTest1"/>
  <testcase name="adminLogin" time="19.439" classname="com.selenium.testng.AdminLoginTest"/>
  <testcase name="first" time="0.005" classname="com.selenium.testng.FirstTestNg"/>
  <testcase name="appClose" time="0.002" classname="com.selenium.testng.MultipleTestNgTest"/>
  <testcase name="appLogout" time="0.002" classname="com.selenium.testng.MultipleTestNgTest"/>
  <testcase name="appLaunch" time="0.002" classname="com.selenium.testng.MultipleTestNgTest"/>
  <testcase name="appLogin" time="0.001" classname="com.selenium.testng.MultipleTestNgTest"/>
</testsuite> <!-- Smoke -->
