<?xml version="1.0" encoding="UTF-8"?>
<testng-results skipped="0" failed="0" total="2" passed="2">
  <reporter-output>
  </reporter-output>
  <suite name="Default suite" duration-ms="56323" started-at="2020-05-14T16:04:38Z" finished-at="2020-05-14T16:05:34Z">
    <groups>
    </groups>
    <test name="Default test" duration-ms="56323" started-at="2020-05-14T16:04:38Z" finished-at="2020-05-14T16:05:34Z">
      <class name="com.selenium.testng.EmpAdd">
        <test-method status="PASS" signature="appLaunch()[pri:0, instance:com.selenium.testng.EmpAdd@6ad5c04e]" name="appLaunch" is-config="true" duration-ms="14111" started-at="2020-05-14T21:34:24Z" finished-at="2020-05-14T21:34:38Z">
          <reporter-output>
          </reporter-output>
        </test-method> <!-- appLaunch -->
        <test-method status="PASS" signature="appLogin()[pri:0, instance:com.selenium.testng.EmpAdd@6ad5c04e]" name="appLogin" is-config="true" duration-ms="8399" started-at="2020-05-14T21:34:38Z" finished-at="2020-05-14T21:34:46Z">
          <reporter-output>
          </reporter-output>
        </test-method> <!-- appLogin -->
        <test-method status="PASS" signature="empAdd(java.lang.String, java.lang.String)[pri:0, instance:com.selenium.testng.EmpAdd@6ad5c04e]" name="empAdd" duration-ms="22205" started-at="2020-05-14T21:34:46Z" data-provider="getData" finished-at="2020-05-14T21:35:09Z">
          <params>
            <param index="0">
              <value>
                <![CDATA[Vasudeva1]]>
              </value>
            </param>
            <param index="1">
              <value>
                <![CDATA[Selenium1]]>
              </value>
            </param>
          </params>
          <reporter-output>
          </reporter-output>
        </test-method> <!-- empAdd -->
        <test-method status="PASS" signature="empAdd(java.lang.String, java.lang.String)[pri:0, instance:com.selenium.testng.EmpAdd@6ad5c04e]" name="empAdd" duration-ms="20771" started-at="2020-05-14T21:35:09Z" data-provider="getData" finished-at="2020-05-14T21:35:29Z">
          <params>
            <param index="0">
              <value>
                <![CDATA[Vasudeva2]]>
              </value>
            </param>
            <param index="1">
              <value>
                <![CDATA[Selenium2]]>
              </value>
            </param>
          </params>
          <reporter-output>
          </reporter-output>
        </test-method> <!-- empAdd -->
        <test-method status="PASS" signature="appLogout()[pri:0, instance:com.selenium.testng.EmpAdd@6ad5c04e]" name="appLogout" is-config="true" duration-ms="4875" started-at="2020-05-14T21:35:29Z" finished-at="2020-05-14T21:35:34Z">
          <reporter-output>
          </reporter-output>
        </test-method> <!-- appLogout -->
        <test-method status="PASS" signature="appClose()[pri:0, instance:com.selenium.testng.EmpAdd@6ad5c04e]" name="appClose" is-config="true" duration-ms="1578" started-at="2020-05-14T21:35:34Z" finished-at="2020-05-14T21:35:36Z">
          <reporter-output>
          </reporter-output>
        </test-method> <!-- appClose -->
      </class> <!-- com.selenium.testng.EmpAdd -->
    </test> <!-- Default test -->
  </suite> <!-- Default suite -->
</testng-results>
